ocp4-cis-api-server-encryption-provider-cipher                                 FAIL     medium
ocp4-cis-api-server-encryption-provider-config                                 FAIL     medium
ocp4-cis-audit-log-forwarding-enabled                                          FAIL     medium
ocp4-cis-configure-network-policies-namespaces                                 FAIL     high
ocp4-cis-idp-is-configured                                                     FAIL     medium
ocp4-cis-kubeadmin-removed                                                     FAIL     medium
ocp4-cis-node-master-kubelet-configure-event-creation                          FAIL     medium
ocp4-cis-node-master-kubelet-configure-tls-cipher-suites                       FAIL     medium
ocp4-cis-node-master-kubelet-enable-iptables-util-chains                       FAIL     medium
ocp4-cis-node-master-kubelet-enable-protect-kernel-defaults                    FAIL     medium
ocp4-cis-node-master-kubelet-enable-protect-kernel-sysctl                      FAIL     medium
ocp4-cis-node-master-kubelet-eviction-thresholds-set-hard-imagefs-available    FAIL     medium
ocp4-cis-node-master-kubelet-eviction-thresholds-set-hard-imagefs-inodesfree   FAIL     medium
ocp4-cis-node-master-kubelet-eviction-thresholds-set-hard-memory-available     FAIL     medium
ocp4-cis-node-master-kubelet-eviction-thresholds-set-hard-nodefs-available     FAIL     medium
ocp4-cis-node-master-kubelet-eviction-thresholds-set-hard-nodefs-inodesfree    FAIL     medium
ocp4-cis-node-master-kubelet-eviction-thresholds-set-soft-imagefs-available    FAIL     medium
ocp4-cis-node-master-kubelet-eviction-thresholds-set-soft-imagefs-inodesfree   FAIL     medium
ocp4-cis-node-master-kubelet-eviction-thresholds-set-soft-memory-available     FAIL     medium
ocp4-cis-node-master-kubelet-eviction-thresholds-set-soft-nodefs-available     FAIL     medium
ocp4-cis-node-master-kubelet-eviction-thresholds-set-soft-nodefs-inodesfree    FAIL     medium
ocp4-cis-node-worker-kubelet-configure-event-creation                          FAIL     medium
ocp4-cis-node-worker-kubelet-configure-tls-cipher-suites                       FAIL     medium
ocp4-cis-node-worker-kubelet-enable-iptables-util-chains                       FAIL     medium
ocp4-cis-node-worker-kubelet-enable-protect-kernel-defaults                    FAIL     medium
ocp4-cis-node-worker-kubelet-enable-protect-kernel-sysctl                      FAIL     medium
ocp4-cis-node-worker-kubelet-eviction-thresholds-set-hard-imagefs-inodesfree   FAIL     medium
ocp4-cis-node-worker-kubelet-eviction-thresholds-set-soft-imagefs-available    FAIL     medium
ocp4-cis-node-worker-kubelet-eviction-thresholds-set-soft-imagefs-inodesfree   FAIL     medium
ocp4-cis-node-worker-kubelet-eviction-thresholds-set-soft-memory-available     FAIL     medium
ocp4-cis-node-worker-kubelet-eviction-thresholds-set-soft-nodefs-available     FAIL     medium
ocp4-cis-node-worker-kubelet-eviction-thresholds-set-soft-nodefs-inodesfree    FAIL     medium
ocp4-cis-scc-limit-container-allowed-capabilities                              FAIL     medium
